# JRE version: OpenJDK Runtime Environment (8.0_202-b03) (build 1.8.0_202-release-1483-b03)
# Java VM: OpenJDK 64-Bit Server VM (25.202-b03 mixed mode windows-amd64 compressed oops)
Heap:
 PSYoungGen      total 444416K, used 63485K [0x00000000e0000000, 0x00000000fcc00000, 0x0000000100000000)
  eden space 427008K, 13% used [0x00000000e0000000,0x00000000e387b478,0x00000000fa100000)
  from space 17408K, 32% used [0x00000000fbb00000,0x00000000fc084180,0x00000000fcc00000)
  to   space 22016K, 0% used [0x00000000fa100000,0x00000000fa100000,0x00000000fb680000)
 ParOldGen       total 121856K, used 76115K [0x00000000a0000000, 0x00000000a7700000, 0x00000000e0000000)
  object space 121856K, 62% used [0x00000000a0000000,0x00000000a4a54de0,0x00000000a7700000)
 Metaspace       used 88452K, capacity 92976K, committed 93208K, reserved 1130496K
  class space    used 11422K, capacity 12233K, committed 12328K, reserved 1048576K
GC Heap History (10 events):
Event: 4206.271 GC heap before
{Heap before GC invocations=27 (full 3):
 PSYoungGen      total 252928K, used 236241K [0x00000000e0000000, 0x00000000f4b00000, 0x0000000100000000)
  eden space 228352K, 100% used [0x00000000e0000000,0x00000000edf00000,0x00000000edf00000)
  from space 24576K, 32% used [0x00000000edf00000,0x00000000ee6b4560,0x00000000ef700000)
  to   space 24064K, 0% used [0x00000000f3380000,0x00000000f3380000,0x00000000f4b00000)
 ParOldGen       total 121856K, used 56122K [0x00000000a0000000, 0x00000000a7700000, 0x00000000e0000000)
  object space 121856K, 46% used [0x00000000a0000000,0x00000000a36ce8d8,0x00000000a7700000)
 Metaspace       used 88088K, capacity 92530K, committed 92696K, reserved 1130496K
  class space    used 11395K, capacity 12208K, committed 12328K, reserved 1048576K
Event: 4206.969 GC heap after
Heap after GC invocations=27 (full 3):
 PSYoungGen      total 313856K, used 2983K [0x00000000e0000000, 0x00000000f4b00000, 0x0000000100000000)
  eden space 289792K, 0% used [0x00000000e0000000,0x00000000e0000000,0x00000000f1b00000)
  from space 24064K, 12% used [0x00000000f3380000,0x00000000f3669c20,0x00000000f4b00000)
  to   space 24576K, 0% used [0x00000000f1b00000,0x00000000f1b00000,0x00000000f3300000)
 ParOldGen       total 121856K, used 62585K [0x00000000a0000000, 0x00000000a7700000, 0x00000000e0000000)
  object space 121856K, 51% used [0x00000000a0000000,0x00000000a3d1e790,0x00000000a7700000)
 Metaspace       used 88088K, capacity 92530K, committed 92696K, reserved 1130496K
  class space    used 11395K, capacity 12208K, committed 12328K, reserved 1048576K
}
Event: 4236.207 GC heap before
{Heap before GC invocations=28 (full 3):
 PSYoungGen      total 313856K, used 292775K [0x00000000e0000000, 0x00000000f4b00000, 0x0000000100000000)
  eden space 289792K, 100% used [0x00000000e0000000,0x00000000f1b00000,0x00000000f1b00000)
  from space 24064K, 12% used [0x00000000f3380000,0x00000000f3669c20,0x00000000f4b00000)
  to   space 24576K, 0% used [0x00000000f1b00000,0x00000000f1b00000,0x00000000f3300000)
 ParOldGen       total 121856K, used 62585K [0x00000000a0000000, 0x00000000a7700000, 0x00000000e0000000)
  object space 121856K, 51% used [0x00000000a0000000,0x00000000a3d1e790,0x00000000a7700000)
 Metaspace       used 88322K, capacity 92810K, committed 92952K, reserved 1130496K
  class space    used 11420K, capacity 12230K, committed 12328K, reserved 1048576K
Event: 4238.216 GC heap after
Heap after GC invocations=28 (full 3):
 PSYoungGen      total 314368K, used 9282K [0x00000000e0000000, 0x00000000f8280000, 0x0000000100000000)
  eden space 289792K, 0% used [0x00000000e0000000,0x00000000e0000000,0x00000000f1b00000)
  from space 24576K, 37% used [0x00000000f1b00000,0x00000000f2410a78,0x00000000f3300000)
  to   space 23552K, 0% used [0x00000000f6b80000,0x00000000f6b80000,0x00000000f8280000)
 ParOldGen       total 121856K, used 64496K [0x00000000a0000000, 0x00000000a7700000, 0x00000000e0000000)
  object space 121856K, 52% used [0x00000000a0000000,0x00000000a3efc1f8,0x00000000a7700000)
 Metaspace       used 88322K, capacity 92810K, committed 92952K, reserved 1130496K
  class space    used 11420K, capacity 12230K, committed 12328K, reserved 1048576K
}
Event: 4249.817 GC heap before
{Heap before GC invocations=29 (full 3):
 PSYoungGen      total 314368K, used 299074K [0x00000000e0000000, 0x00000000f8280000, 0x0000000100000000)
  eden space 289792K, 100% used [0x00000000e0000000,0x00000000f1b00000,0x00000000f1b00000)
  from space 24576K, 37% used [0x00000000f1b00000,0x00000000f2410a78,0x00000000f3300000)
  to   space 23552K, 0% used [0x00000000f6b80000,0x00000000f6b80000,0x00000000f8280000)
 ParOldGen       total 121856K, used 64496K [0x00000000a0000000, 0x00000000a7700000, 0x00000000e0000000)
  object space 121856K, 52% used [0x00000000a0000000,0x00000000a3efc1f8,0x00000000a7700000)
 Metaspace       used 88333K, capacity 92814K, committed 92952K, reserved 1130496K
  class space    used 11420K, capacity 12230K, committed 12328K, reserved 1048576K
Event: 4252.739 GC heap after
Heap after GC invocations=29 (full 3):
 PSYoungGen      total 372224K, used 1696K [0x00000000e0000000, 0x00000000f8c80000, 0x0000000100000000)
  eden space 348672K, 0% used [0x00000000e0000000,0x00000000e0000000,0x00000000f5480000)
  from space 23552K, 7% used [0x00000000f6b80000,0x00000000f6d28010,0x00000000f8280000)
  to   space 23552K, 0% used [0x00000000f5480000,0x00000000f5480000,0x00000000f6b80000)
 ParOldGen       total 121856K, used 70738K [0x00000000a0000000, 0x00000000a7700000, 0x00000000e0000000)
  object space 121856K, 58% used [0x00000000a0000000,0x00000000a4514aa8,0x00000000a7700000)
 Metaspace       used 88333K, capacity 92814K, committed 92952K, reserved 1130496K
  class space    used 11420K, capacity 12230K, committed 12328K, reserved 1048576K
}
Event: 4291.669 GC heap before
{Heap before GC invocations=30 (full 3):
 PSYoungGen      total 372224K, used 350368K [0x00000000e0000000, 0x00000000f8c80000, 0x0000000100000000)
  eden space 348672K, 100% used [0x00000000e0000000,0x00000000f5480000,0x00000000f5480000)
  from space 23552K, 7% used [0x00000000f6b80000,0x00000000f6d28010,0x00000000f8280000)
  to   space 23552K, 0% used [0x00000000f5480000,0x00000000f5480000,0x00000000f6b80000)
 ParOldGen       total 121856K, used 70738K [0x00000000a0000000, 0x00000000a7700000, 0x00000000e0000000)
  object space 121856K, 58% used [0x00000000a0000000,0x00000000a4514aa8,0x00000000a7700000)
 Metaspace       used 88370K, capacity 92894K, committed 93208K, reserved 1130496K
  class space    used 11421K, capacity 12232K, committed 12328K, reserved 1048576K
Event: 4294.349 GC heap after
Heap after GC invocations=30 (full 3):
 PSYoungGen      total 372224K, used 6083K [0x00000000e0000000, 0x00000000fd180000, 0x0000000100000000)
  eden space 348672K, 0% used [0x00000000e0000000,0x00000000e0000000,0x00000000f5480000)
  from space 23552K, 25% used [0x00000000f5480000,0x00000000f5a70c28,0x00000000f6b80000)
  to   space 23040K, 0% used [0x00000000fbb00000,0x00000000fbb00000,0x00000000fd180000)
 ParOldGen       total 121856K, used 72318K [0x00000000a0000000, 0x00000000a7700000, 0x00000000e0000000)
  object space 121856K, 59% used [0x00000000a0000000,0x00000000a469f980,0x00000000a7700000)
 Metaspace       used 88370K, capacity 92894K, committed 93208K, reserved 1130496K
  class space    used 11421K, capacity 12232K, committed 12328K, reserved 1048576K
}
Event: 4689.912 GC heap before
{Heap before GC invocations=31 (full 3):
 PSYoungGen      total 372224K, used 354755K [0x00000000e0000000, 0x00000000fd180000, 0x0000000100000000)
  eden space 348672K, 100% used [0x00000000e0000000,0x00000000f5480000,0x00000000f5480000)
  from space 23552K, 25% used [0x00000000f5480000,0x00000000f5a70c28,0x00000000f6b80000)
  to   space 23040K, 0% used [0x00000000fbb00000,0x00000000fbb00000,0x00000000fd180000)
 ParOldGen       total 121856K, used 72318K [0x00000000a0000000, 0x00000000a7700000, 0x00000000e0000000)
  object space 121856K, 59% used [0x00000000a0000000,0x00000000a469f980,0x00000000a7700000)
 Metaspace       used 88437K, capacity 92912K, committed 93208K, reserved 1130496K
  class space    used 11422K, capacity 12233K, committed 12328K, reserved 1048576K
Event: 4700.892 GC heap after
Heap after GC invocations=31 (full 3):
 PSYoungGen      total 444416K, used 5648K [0x00000000e0000000, 0x00000000fcc00000, 0x0000000100000000)
  eden space 427008K, 0% used [0x00000000e0000000,0x00000000e0000000,0x00000000fa100000)
  from space 17408K, 32% used [0x00000000fbb00000,0x00000000fc084180,0x00000000fcc00000)
  to   space 22016K, 0% used [0x00000000fa100000,0x00000000fa100000,0x00000000fb680000)
 ParOldGen       total 121856K, used 76115K [0x00000000a0000000, 0x00000000a7700000, 0x00000000e0000000)
  object space 121856K, 62% used [0x00000000a0000000,0x00000000a4a54de0,0x00000000a7700000)
 Metaspace       used 88437K, capacity 92912K, committed 93208K, reserved 1130496K
  class space    used 11422K, capacity 12233K, committed 12328K, reserved 1048576K
}

